2024-12-10 14:15:22 INFO  io.canis.Server - Server is listening on port 3307
2024-12-10 14:15:22 INFO  io.canis.client.SocketClient - Authentication successful
2024-12-10 14:15:22 INFO  io.canis.handlers.ClientHandler - Adding new secret: Daisy
2024-12-10 14:15:23 INFO  io.canis.handlers.ClientHandler - Adding new secret: Mikey
2024-12-10 14:15:23 INFO  io.canis.handlers.ClientHandler - Adding new secret: Alice
2024-12-10 14:17:06 INFO  io.canis.Server - Server is listening on port 3307
2024-12-10 14:17:06 INFO  io.canis.client.SocketClient - Authentication successful
2024-12-10 14:17:06 INFO  io.canis.handlers.ClientHandler - Adding new secret: Daisy
2024-12-10 14:17:07 INFO  io.canis.handlers.ClientHandler - Adding new secret: Mikey
2024-12-10 14:17:07 INFO  io.canis.handlers.ClientHandler - Adding new secret: Alice
2024-12-10 15:02:19 ERROR io.canis.Server - Environment variable CANIS_SECRET_KEY is not set.
2024-12-10 15:02:44 INFO  io.canis.Server - Server is listening on port 3307
2024-12-10 15:02:44 INFO  io.canis.client.SocketClient - Authentication successful
2024-12-10 15:02:44 INFO  io.canis.handlers.ClientHandler - Adding new secret: Daisy
2024-12-10 15:02:44 INFO  io.canis.handlers.ClientHandler - Adding new secret: Mikey
2024-12-10 15:02:44 INFO  io.canis.handlers.ClientHandler - Adding new secret: Bapi
2024-12-10 15:02:44 INFO  io.canis.handlers.ClientHandler - Adding new secret: Ziggy
2024-12-10 15:02:44 INFO  io.canis.handlers.ClientHandler - Adding new secret: Alice
2024-12-10 15:02:51 INFO  io.canis.Server - Server is listening on port 3307
2024-12-10 15:02:51 INFO  io.canis.client.SocketClient - Authentication successful
2024-12-10 15:03:08 INFO  io.canis.handlers.ClientHandler - Adding new secret: Daisy
2024-12-10 15:03:13 INFO  io.canis.handlers.ClientHandler - Adding new secret: Mikey
2024-12-10 15:03:14 INFO  io.canis.handlers.ClientHandler - Adding new secret: Ziggy
2024-12-10 15:03:14 INFO  io.canis.handlers.ClientHandler - Adding new secret: Bapi
2024-12-10 15:03:14 INFO  io.canis.handlers.ClientHandler - Adding new secret: Alice
2024-12-10 15:03:48 INFO  io.canis.Server - Server is listening on port 3307
2024-12-10 15:03:48 INFO  io.canis.client.SocketClient - Authentication successful
2024-12-10 15:04:05 INFO  io.canis.handlers.ClientHandler - Adding new secret: Daisy
2024-12-10 15:04:08 INFO  io.canis.handlers.ClientHandler - Adding new secret: Mikey
2024-12-10 15:05:48 INFO  io.canis.Server - Server is listening on port 3307
2024-12-10 15:05:48 INFO  io.canis.client.SocketClient - Authentication successful
2024-12-10 15:05:48 INFO  io.canis.handlers.ClientHandler - Adding new secret: Daisy
2024-12-10 15:05:48 INFO  io.canis.handlers.ClientHandler - Adding new secret: Mikey
2024-12-10 15:05:48 INFO  io.canis.handlers.ClientHandler - Adding new secret: Ziggy
2024-12-10 15:05:48 INFO  io.canis.handlers.ClientHandler - Adding new secret: Bapi
2024-12-10 15:05:48 INFO  io.canis.handlers.ClientHandler - Adding new secret: Alice
2024-12-10 15:05:54 INFO  io.canis.Server - Server is listening on port 3307
2024-12-10 15:05:54 INFO  io.canis.client.SocketClient - Authentication successful
2024-12-10 15:05:54 INFO  io.canis.handlers.ClientHandler - Adding new secret: Daisy
2024-12-10 15:05:54 INFO  io.canis.handlers.ClientHandler - Adding new secret: Mikey
2024-12-10 15:05:54 INFO  io.canis.handlers.ClientHandler - Adding new secret: Bapi
2024-12-10 15:05:54 INFO  io.canis.handlers.ClientHandler - Adding new secret: Ziggy
2024-12-10 15:05:55 INFO  io.canis.handlers.ClientHandler - Adding new secret: Alice
2024-12-10 15:06:07 INFO  io.canis.Server - Server is listening on port 3307
2024-12-10 15:06:07 INFO  io.canis.client.SocketClient - Authentication successful
2024-12-10 15:06:07 ERROR io.canis.store.KeyValueStore - Given final block not properly padded. Such issues can arise if a bad key is used during decryption.
javax.crypto.BadPaddingException: Given final block not properly padded. Such issues can arise if a bad key is used during decryption.
	at java.base/com.sun.crypto.provider.CipherCore.unpad(CipherCore.java:862)
	at java.base/com.sun.crypto.provider.CipherCore.fillOutputBuffer(CipherCore.java:942)
	at java.base/com.sun.crypto.provider.CipherCore.doFinal(CipherCore.java:735)
	at java.base/com.sun.crypto.provider.AESCipher.engineDoFinal(AESCipher.java:436)
	at java.base/javax.crypto.Cipher.doFinal(Cipher.java:2205)
	at io.canis.utils.SymmetricKeyGenerator.decrypt(SymmetricKeyGenerator.java:57)
	at io.canis.store.KeyValueStore.loadFromFile(KeyValueStore.java:54)
	at io.canis.store.KeyValueStore.<init>(KeyValueStore.java:37)
	at io.canis.handlers.ClientHandler.delete(ClientHandler.java:139)
	at io.canis.handlers.ClientHandler.executeCommand(ClientHandler.java:99)
	at io.canis.handlers.ClientHandler.run(ClientHandler.java:47)
	at java.base/java.util.concurrent.Executors$RunnableAdapter.call(Executors.java:539)
	at java.base/java.util.concurrent.FutureTask.run$$$capture(FutureTask.java:264)
	at java.base/java.util.concurrent.FutureTask.run(FutureTask.java)
	at java.base/java.util.concurrent.ThreadPoolExecutor.runWorker(ThreadPoolExecutor.java:1136)
	at java.base/java.util.concurrent.ThreadPoolExecutor$Worker.run(ThreadPoolExecutor.java:635)
	at java.base/java.lang.Thread.run(Thread.java:840)
2024-12-10 15:06:07 INFO  io.canis.handlers.ClientHandler - Adding new secret: Daisy
2024-12-10 15:06:07 INFO  io.canis.handlers.ClientHandler - Adding new secret: Mikey
2024-12-10 15:06:07 INFO  io.canis.handlers.ClientHandler - Adding new secret: Bapi
2024-12-10 15:06:07 INFO  io.canis.handlers.ClientHandler - Adding new secret: Ziggy
2024-12-10 15:06:07 INFO  io.canis.handlers.ClientHandler - Adding new secret: Alice
2024-12-10 15:06:22 INFO  io.canis.Server - Server is listening on port 3307
2024-12-10 15:06:22 INFO  io.canis.client.SocketClient - Authentication successful
2024-12-10 15:06:22 INFO  io.canis.handlers.ClientHandler - Adding new secret: Daisy
2024-12-10 15:06:22 INFO  io.canis.handlers.ClientHandler - Adding new secret: Mikey
2024-12-10 15:06:22 INFO  io.canis.handlers.ClientHandler - Adding new secret: Ziggy
2024-12-10 15:06:22 INFO  io.canis.handlers.ClientHandler - Adding new secret: Bapi
2024-12-10 15:06:22 INFO  io.canis.handlers.ClientHandler - Adding new secret: Alice
2024-12-10 15:06:32 INFO  io.canis.Server - Server is listening on port 3307
2024-12-10 15:06:32 INFO  io.canis.client.SocketClient - Authentication successful
2024-12-10 15:06:32 ERROR io.canis.store.KeyValueStore - Input byte array has incorrect ending byte at 24
java.lang.IllegalArgumentException: Input byte array has incorrect ending byte at 24
	at java.base/java.util.Base64$Decoder.decode0(Base64.java:876)
	at java.base/java.util.Base64$Decoder.decode(Base64.java:566)
	at java.base/java.util.Base64$Decoder.decode(Base64.java:589)
	at io.canis.utils.SymmetricKeyGenerator.generatePrivateKey(SymmetricKeyGenerator.java:37)
	at io.canis.utils.SymmetricKeyGenerator.<init>(SymmetricKeyGenerator.java:28)
	at io.canis.store.KeyValueStore.loadFromFile(KeyValueStore.java:54)
	at io.canis.store.KeyValueStore.<init>(KeyValueStore.java:37)
	at io.canis.handlers.ClientHandler.delete(ClientHandler.java:139)
	at io.canis.handlers.ClientHandler.executeCommand(ClientHandler.java:99)
	at io.canis.handlers.ClientHandler.run(ClientHandler.java:47)
	at java.base/java.util.concurrent.Executors$RunnableAdapter.call(Executors.java:539)
	at java.base/java.util.concurrent.FutureTask.run$$$capture(FutureTask.java:264)
	at java.base/java.util.concurrent.FutureTask.run(FutureTask.java)
	at java.base/java.util.concurrent.ThreadPoolExecutor.runWorker(ThreadPoolExecutor.java:1136)
	at java.base/java.util.concurrent.ThreadPoolExecutor$Worker.run(ThreadPoolExecutor.java:635)
	at java.base/java.lang.Thread.run(Thread.java:840)
2024-12-10 15:06:32 ERROR io.canis.store.KeyValueStore - Input byte array has incorrect ending byte at 24
java.lang.IllegalArgumentException: Input byte array has incorrect ending byte at 24
	at java.base/java.util.Base64$Decoder.decode0(Base64.java:876)
	at java.base/java.util.Base64$Decoder.decode(Base64.java:566)
	at java.base/java.util.Base64$Decoder.decode(Base64.java:589)
	at io.canis.utils.SymmetricKeyGenerator.generatePrivateKey(SymmetricKeyGenerator.java:37)
	at io.canis.utils.SymmetricKeyGenerator.<init>(SymmetricKeyGenerator.java:28)
	at io.canis.store.KeyValueStore.saveToFile(KeyValueStore.java:74)
	at io.canis.store.KeyValueStore.delete(KeyValueStore.java:108)
	at io.canis.handlers.ClientHandler.delete(ClientHandler.java:139)
	at io.canis.handlers.ClientHandler.executeCommand(ClientHandler.java:99)
	at io.canis.handlers.ClientHandler.run(ClientHandler.java:47)
	at java.base/java.util.concurrent.Executors$RunnableAdapter.call(Executors.java:539)
	at java.base/java.util.concurrent.FutureTask.run$$$capture(FutureTask.java:264)
	at java.base/java.util.concurrent.FutureTask.run(FutureTask.java)
	at java.base/java.util.concurrent.ThreadPoolExecutor.runWorker(ThreadPoolExecutor.java:1136)
	at java.base/java.util.concurrent.ThreadPoolExecutor$Worker.run(ThreadPoolExecutor.java:635)
	at java.base/java.lang.Thread.run(Thread.java:840)
2024-12-10 15:06:32 INFO  io.canis.handlers.ClientHandler - Adding new secret: Daisy
2024-12-10 15:06:32 ERROR io.canis.store.KeyValueStore - Input byte array has incorrect ending byte at 24
java.lang.IllegalArgumentException: Input byte array has incorrect ending byte at 24
	at java.base/java.util.Base64$Decoder.decode0(Base64.java:876)
	at java.base/java.util.Base64$Decoder.decode(Base64.java:566)
	at java.base/java.util.Base64$Decoder.decode(Base64.java:589)
	at io.canis.utils.SymmetricKeyGenerator.generatePrivateKey(SymmetricKeyGenerator.java:37)
	at io.canis.utils.SymmetricKeyGenerator.<init>(SymmetricKeyGenerator.java:28)
	at io.canis.store.KeyValueStore.loadFromFile(KeyValueStore.java:54)
	at io.canis.store.KeyValueStore.<init>(KeyValueStore.java:37)
	at io.canis.handlers.ClientHandler.add(ClientHandler.java:126)
	at io.canis.handlers.ClientHandler.executeCommand(ClientHandler.java:73)
	at io.canis.handlers.ClientHandler.run(ClientHandler.java:47)
	at java.base/java.util.concurrent.Executors$RunnableAdapter.call(Executors.java:539)
	at java.base/java.util.concurrent.FutureTask.run$$$capture(FutureTask.java:264)
	at java.base/java.util.concurrent.FutureTask.run(FutureTask.java)
	at java.base/java.util.concurrent.ThreadPoolExecutor.runWorker(ThreadPoolExecutor.java:1136)
	at java.base/java.util.concurrent.ThreadPoolExecutor$Worker.run(ThreadPoolExecutor.java:635)
	at java.base/java.lang.Thread.run(Thread.java:840)
2024-12-10 15:06:32 ERROR io.canis.store.KeyValueStore - Input byte array has incorrect ending byte at 24
java.lang.IllegalArgumentException: Input byte array has incorrect ending byte at 24
	at java.base/java.util.Base64$Decoder.decode0(Base64.java:876)
	at java.base/java.util.Base64$Decoder.decode(Base64.java:566)
	at java.base/java.util.Base64$Decoder.decode(Base64.java:589)
	at io.canis.utils.SymmetricKeyGenerator.generatePrivateKey(SymmetricKeyGenerator.java:37)
	at io.canis.utils.SymmetricKeyGenerator.<init>(SymmetricKeyGenerator.java:28)
	at io.canis.store.KeyValueStore.saveToFile(KeyValueStore.java:74)
	at io.canis.store.KeyValueStore.set(KeyValueStore.java:89)
	at io.canis.handlers.ClientHandler.add(ClientHandler.java:131)
	at io.canis.handlers.ClientHandler.executeCommand(ClientHandler.java:73)
	at io.canis.handlers.ClientHandler.run(ClientHandler.java:47)
	at java.base/java.util.concurrent.Executors$RunnableAdapter.call(Executors.java:539)
	at java.base/java.util.concurrent.FutureTask.run$$$capture(FutureTask.java:264)
	at java.base/java.util.concurrent.FutureTask.run(FutureTask.java)
	at java.base/java.util.concurrent.ThreadPoolExecutor.runWorker(ThreadPoolExecutor.java:1136)
	at java.base/java.util.concurrent.ThreadPoolExecutor$Worker.run(ThreadPoolExecutor.java:635)
	at java.base/java.lang.Thread.run(Thread.java:840)
2024-12-10 15:06:32 ERROR io.canis.store.KeyValueStore - Input byte array has incorrect ending byte at 24
java.lang.IllegalArgumentException: Input byte array has incorrect ending byte at 24
	at java.base/java.util.Base64$Decoder.decode0(Base64.java:876)
	at java.base/java.util.Base64$Decoder.decode(Base64.java:566)
	at java.base/java.util.Base64$Decoder.decode(Base64.java:589)
	at io.canis.utils.SymmetricKeyGenerator.generatePrivateKey(SymmetricKeyGenerator.java:37)
	at io.canis.utils.SymmetricKeyGenerator.<init>(SymmetricKeyGenerator.java:28)
	at io.canis.store.KeyValueStore.loadFromFile(KeyValueStore.java:54)
	at io.canis.store.KeyValueStore.<init>(KeyValueStore.java:37)
	at io.canis.handlers.ClientHandler.list(ClientHandler.java:115)
	at io.canis.handlers.ClientHandler.executeCommand(ClientHandler.java:90)
	at io.canis.handlers.ClientHandler.run(ClientHandler.java:47)
	at java.base/java.util.concurrent.Executors$RunnableAdapter.call(Executors.java:539)
	at java.base/java.util.concurrent.FutureTask.run$$$capture(FutureTask.java:264)
	at java.base/java.util.concurrent.FutureTask.run(FutureTask.java)
	at java.base/java.util.concurrent.ThreadPoolExecutor.runWorker(ThreadPoolExecutor.java:1136)
	at java.base/java.util.concurrent.ThreadPoolExecutor$Worker.run(ThreadPoolExecutor.java:635)
	at java.base/java.lang.Thread.run(Thread.java:840)
2024-12-10 15:06:32 INFO  io.canis.handlers.ClientHandler - Adding new secret: Mikey
2024-12-10 15:06:32 ERROR io.canis.store.KeyValueStore - Input byte array has incorrect ending byte at 24
java.lang.IllegalArgumentException: Input byte array has incorrect ending byte at 24
	at java.base/java.util.Base64$Decoder.decode0(Base64.java:876)
	at java.base/java.util.Base64$Decoder.decode(Base64.java:566)
	at java.base/java.util.Base64$Decoder.decode(Base64.java:589)
	at io.canis.utils.SymmetricKeyGenerator.generatePrivateKey(SymmetricKeyGenerator.java:37)
	at io.canis.utils.SymmetricKeyGenerator.<init>(SymmetricKeyGenerator.java:28)
	at io.canis.store.KeyValueStore.loadFromFile(KeyValueStore.java:54)
	at io.canis.store.KeyValueStore.<init>(KeyValueStore.java:37)
	at io.canis.handlers.ClientHandler.add(ClientHandler.java:126)
	at io.canis.handlers.ClientHandler.executeCommand(ClientHandler.java:73)
	at io.canis.handlers.ClientHandler.run(ClientHandler.java:47)
	at java.base/java.util.concurrent.Executors$RunnableAdapter.call(Executors.java:539)
	at java.base/java.util.concurrent.FutureTask.run$$$capture(FutureTask.java:264)
	at java.base/java.util.concurrent.FutureTask.run(FutureTask.java)
	at java.base/java.util.concurrent.ThreadPoolExecutor.runWorker(ThreadPoolExecutor.java:1136)
	at java.base/java.util.concurrent.ThreadPoolExecutor$Worker.run(ThreadPoolExecutor.java:635)
	at java.base/java.lang.Thread.run(Thread.java:840)
2024-12-10 15:06:32 ERROR io.canis.store.KeyValueStore - Input byte array has incorrect ending byte at 24
java.lang.IllegalArgumentException: Input byte array has incorrect ending byte at 24
	at java.base/java.util.Base64$Decoder.decode0(Base64.java:876)
	at java.base/java.util.Base64$Decoder.decode(Base64.java:566)
	at java.base/java.util.Base64$Decoder.decode(Base64.java:589)
	at io.canis.utils.SymmetricKeyGenerator.generatePrivateKey(SymmetricKeyGenerator.java:37)
	at io.canis.utils.SymmetricKeyGenerator.<init>(SymmetricKeyGenerator.java:28)
	at io.canis.store.KeyValueStore.saveToFile(KeyValueStore.java:74)
	at io.canis.store.KeyValueStore.set(KeyValueStore.java:89)
	at io.canis.handlers.ClientHandler.add(ClientHandler.java:131)
	at io.canis.handlers.ClientHandler.executeCommand(ClientHandler.java:73)
	at io.canis.handlers.ClientHandler.run(ClientHandler.java:47)
	at java.base/java.util.concurrent.Executors$RunnableAdapter.call(Executors.java:539)
	at java.base/java.util.concurrent.FutureTask.run$$$capture(FutureTask.java:264)
	at java.base/java.util.concurrent.FutureTask.run(FutureTask.java)
	at java.base/java.util.concurrent.ThreadPoolExecutor.runWorker(ThreadPoolExecutor.java:1136)
	at java.base/java.util.concurrent.ThreadPoolExecutor$Worker.run(ThreadPoolExecutor.java:635)
	at java.base/java.lang.Thread.run(Thread.java:840)
2024-12-10 15:06:32 ERROR io.canis.store.KeyValueStore - Input byte array has incorrect ending byte at 24
java.lang.IllegalArgumentException: Input byte array has incorrect ending byte at 24
	at java.base/java.util.Base64$Decoder.decode0(Base64.java:876)
	at java.base/java.util.Base64$Decoder.decode(Base64.java:566)
	at java.base/java.util.Base64$Decoder.decode(Base64.java:589)
	at io.canis.utils.SymmetricKeyGenerator.generatePrivateKey(SymmetricKeyGenerator.java:37)
	at io.canis.utils.SymmetricKeyGenerator.<init>(SymmetricKeyGenerator.java:28)
	at io.canis.store.KeyValueStore.loadFromFile(KeyValueStore.java:54)
	at io.canis.store.KeyValueStore.<init>(KeyValueStore.java:37)
	at io.canis.handlers.ClientHandler.get(ClientHandler.java:135)
	at io.canis.handlers.ClientHandler.executeCommand(ClientHandler.java:82)
	at io.canis.handlers.ClientHandler.run(ClientHandler.java:47)
	at java.base/java.util.concurrent.Executors$RunnableAdapter.call(Executors.java:539)
	at java.base/java.util.concurrent.FutureTask.run$$$capture(FutureTask.java:264)
	at java.base/java.util.concurrent.FutureTask.run(FutureTask.java)
	at java.base/java.util.concurrent.ThreadPoolExecutor.runWorker(ThreadPoolExecutor.java:1136)
	at java.base/java.util.concurrent.ThreadPoolExecutor$Worker.run(ThreadPoolExecutor.java:635)
	at java.base/java.lang.Thread.run(Thread.java:840)
2024-12-10 15:06:32 INFO  io.canis.handlers.ClientHandler - Adding new secret: Bapi
2024-12-10 15:06:32 INFO  io.canis.handlers.ClientHandler - Adding new secret: Ziggy
2024-12-10 15:06:33 ERROR io.canis.store.KeyValueStore - Input byte array has incorrect ending byte at 24
java.lang.IllegalArgumentException: Input byte array has incorrect ending byte at 24
	at java.base/java.util.Base64$Decoder.decode0(Base64.java:876)
	at java.base/java.util.Base64$Decoder.decode(Base64.java:566)
	at java.base/java.util.Base64$Decoder.decode(Base64.java:589)
	at io.canis.utils.SymmetricKeyGenerator.generatePrivateKey(SymmetricKeyGenerator.java:37)
	at io.canis.utils.SymmetricKeyGenerator.<init>(SymmetricKeyGenerator.java:28)
	at io.canis.store.KeyValueStore.loadFromFile(KeyValueStore.java:54)
	at io.canis.store.KeyValueStore.<init>(KeyValueStore.java:37)
	at io.canis.handlers.ClientHandler.add(ClientHandler.java:126)
	at io.canis.handlers.ClientHandler.executeCommand(ClientHandler.java:73)
	at io.canis.handlers.ClientHandler.run(ClientHandler.java:47)
	at java.base/java.util.concurrent.Executors$RunnableAdapter.call(Executors.java:539)
	at java.base/java.util.concurrent.FutureTask.run$$$capture(FutureTask.java:264)
	at java.base/java.util.concurrent.FutureTask.run(FutureTask.java)
	at java.base/java.util.concurrent.ThreadPoolExecutor.runWorker(ThreadPoolExecutor.java:1136)
	at java.base/java.util.concurrent.ThreadPoolExecutor$Worker.run(ThreadPoolExecutor.java:635)
	at java.base/java.lang.Thread.run(Thread.java:840)
2024-12-10 15:06:33 ERROR io.canis.store.KeyValueStore - Input byte array has incorrect ending byte at 24
java.lang.IllegalArgumentException: Input byte array has incorrect ending byte at 24
	at java.base/java.util.Base64$Decoder.decode0(Base64.java:876)
	at java.base/java.util.Base64$Decoder.decode(Base64.java:566)
	at java.base/java.util.Base64$Decoder.decode(Base64.java:589)
	at io.canis.utils.SymmetricKeyGenerator.generatePrivateKey(SymmetricKeyGenerator.java:37)
	at io.canis.utils.SymmetricKeyGenerator.<init>(SymmetricKeyGenerator.java:28)
	at io.canis.store.KeyValueStore.saveToFile(KeyValueStore.java:74)
	at io.canis.store.KeyValueStore.set(KeyValueStore.java:89)
	at io.canis.handlers.ClientHandler.add(ClientHandler.java:131)
	at io.canis.handlers.ClientHandler.executeCommand(ClientHandler.java:73)
	at io.canis.handlers.ClientHandler.run(ClientHandler.java:47)
	at java.base/java.util.concurrent.Executors$RunnableAdapter.call(Executors.java:539)
	at java.base/java.util.concurrent.FutureTask.run$$$capture(FutureTask.java:264)
	at java.base/java.util.concurrent.FutureTask.run(FutureTask.java)
	at java.base/java.util.concurrent.ThreadPoolExecutor.runWorker(ThreadPoolExecutor.java:1136)
	at java.base/java.util.concurrent.ThreadPoolExecutor$Worker.run(ThreadPoolExecutor.java:635)
	at java.base/java.lang.Thread.run(Thread.java:840)
2024-12-10 15:06:33 ERROR io.canis.store.KeyValueStore - Input byte array has incorrect ending byte at 24
java.lang.IllegalArgumentException: Input byte array has incorrect ending byte at 24
	at java.base/java.util.Base64$Decoder.decode0(Base64.java:876)
	at java.base/java.util.Base64$Decoder.decode(Base64.java:566)
	at java.base/java.util.Base64$Decoder.decode(Base64.java:589)
	at io.canis.utils.SymmetricKeyGenerator.generatePrivateKey(SymmetricKeyGenerator.java:37)
	at io.canis.utils.SymmetricKeyGenerator.<init>(SymmetricKeyGenerator.java:28)
	at io.canis.store.KeyValueStore.loadFromFile(KeyValueStore.java:54)
	at io.canis.store.KeyValueStore.<init>(KeyValueStore.java:37)
	at io.canis.handlers.ClientHandler.get(ClientHandler.java:135)
	at io.canis.handlers.ClientHandler.executeCommand(ClientHandler.java:82)
	at io.canis.handlers.ClientHandler.run(ClientHandler.java:47)
	at java.base/java.util.concurrent.Executors$RunnableAdapter.call(Executors.java:539)
	at java.base/java.util.concurrent.FutureTask.run$$$capture(FutureTask.java:264)
	at java.base/java.util.concurrent.FutureTask.run(FutureTask.java)
	at java.base/java.util.concurrent.ThreadPoolExecutor.runWorker(ThreadPoolExecutor.java:1136)
	at java.base/java.util.concurrent.ThreadPoolExecutor$Worker.run(ThreadPoolExecutor.java:635)
	at java.base/java.lang.Thread.run(Thread.java:840)
2024-12-10 15:06:33 ERROR io.canis.store.KeyValueStore - Input byte array has incorrect ending byte at 24
java.lang.IllegalArgumentException: Input byte array has incorrect ending byte at 24
	at java.base/java.util.Base64$Decoder.decode0(Base64.java:876)
	at java.base/java.util.Base64$Decoder.decode(Base64.java:566)
	at java.base/java.util.Base64$Decoder.decode(Base64.java:589)
	at io.canis.utils.SymmetricKeyGenerator.generatePrivateKey(SymmetricKeyGenerator.java:37)
	at io.canis.utils.SymmetricKeyGenerator.<init>(SymmetricKeyGenerator.java:28)
	at io.canis.store.KeyValueStore.loadFromFile(KeyValueStore.java:54)
	at io.canis.store.KeyValueStore.<init>(KeyValueStore.java:37)
	at io.canis.handlers.ClientHandler.add(ClientHandler.java:126)
	at io.canis.handlers.ClientHandler.executeCommand(ClientHandler.java:73)
	at io.canis.handlers.ClientHandler.run(ClientHandler.java:47)
	at java.base/java.util.concurrent.Executors$RunnableAdapter.call(Executors.java:539)
	at java.base/java.util.concurrent.FutureTask.run$$$capture(FutureTask.java:264)
	at java.base/java.util.concurrent.FutureTask.run(FutureTask.java)
	at java.base/java.util.concurrent.ThreadPoolExecutor.runWorker(ThreadPoolExecutor.java:1136)
	at java.base/java.util.concurrent.ThreadPoolExecutor$Worker.run(ThreadPoolExecutor.java:635)
	at java.base/java.lang.Thread.run(Thread.java:840)
2024-12-10 15:06:33 ERROR io.canis.store.KeyValueStore - Input byte array has incorrect ending byte at 24
java.lang.IllegalArgumentException: Input byte array has incorrect ending byte at 24
	at java.base/java.util.Base64$Decoder.decode0(Base64.java:876)
	at java.base/java.util.Base64$Decoder.decode(Base64.java:566)
	at java.base/java.util.Base64$Decoder.decode(Base64.java:589)
	at io.canis.utils.SymmetricKeyGenerator.generatePrivateKey(SymmetricKeyGenerator.java:37)
	at io.canis.utils.SymmetricKeyGenerator.<init>(SymmetricKeyGenerator.java:28)
	at io.canis.store.KeyValueStore.saveToFile(KeyValueStore.java:74)
	at io.canis.store.KeyValueStore.set(KeyValueStore.java:89)
	at io.canis.handlers.ClientHandler.add(ClientHandler.java:131)
	at io.canis.handlers.ClientHandler.executeCommand(ClientHandler.java:73)
	at io.canis.handlers.ClientHandler.run(ClientHandler.java:47)
	at java.base/java.util.concurrent.Executors$RunnableAdapter.call(Executors.java:539)
	at java.base/java.util.concurrent.FutureTask.run$$$capture(FutureTask.java:264)
	at java.base/java.util.concurrent.FutureTask.run(FutureTask.java)
	at java.base/java.util.concurrent.ThreadPoolExecutor.runWorker(ThreadPoolExecutor.java:1136)
	at java.base/java.util.concurrent.ThreadPoolExecutor$Worker.run(ThreadPoolExecutor.java:635)
	at java.base/java.lang.Thread.run(Thread.java:840)
2024-12-10 15:06:33 ERROR io.canis.store.KeyValueStore - Input byte array has incorrect ending byte at 24
java.lang.IllegalArgumentException: Input byte array has incorrect ending byte at 24
	at java.base/java.util.Base64$Decoder.decode0(Base64.java:876)
	at java.base/java.util.Base64$Decoder.decode(Base64.java:566)
	at java.base/java.util.Base64$Decoder.decode(Base64.java:589)
	at io.canis.utils.SymmetricKeyGenerator.generatePrivateKey(SymmetricKeyGenerator.java:37)
	at io.canis.utils.SymmetricKeyGenerator.<init>(SymmetricKeyGenerator.java:28)
	at io.canis.store.KeyValueStore.loadFromFile(KeyValueStore.java:54)
	at io.canis.store.KeyValueStore.<init>(KeyValueStore.java:37)
	at io.canis.handlers.ClientHandler.get(ClientHandler.java:135)
	at io.canis.handlers.ClientHandler.executeCommand(ClientHandler.java:82)
	at io.canis.handlers.ClientHandler.run(ClientHandler.java:47)
	at java.base/java.util.concurrent.Executors$RunnableAdapter.call(Executors.java:539)
	at java.base/java.util.concurrent.FutureTask.run$$$capture(FutureTask.java:264)
	at java.base/java.util.concurrent.FutureTask.run(FutureTask.java)
	at java.base/java.util.concurrent.ThreadPoolExecutor.runWorker(ThreadPoolExecutor.java:1136)
	at java.base/java.util.concurrent.ThreadPoolExecutor$Worker.run(ThreadPoolExecutor.java:635)
	at java.base/java.lang.Thread.run(Thread.java:840)
2024-12-10 15:06:33 INFO  io.canis.handlers.ClientHandler - Adding new secret: Alice
2024-12-10 15:06:33 ERROR io.canis.store.KeyValueStore - Input byte array has incorrect ending byte at 24
java.lang.IllegalArgumentException: Input byte array has incorrect ending byte at 24
	at java.base/java.util.Base64$Decoder.decode0(Base64.java:876)
	at java.base/java.util.Base64$Decoder.decode(Base64.java:566)
	at java.base/java.util.Base64$Decoder.decode(Base64.java:589)
	at io.canis.utils.SymmetricKeyGenerator.generatePrivateKey(SymmetricKeyGenerator.java:37)
	at io.canis.utils.SymmetricKeyGenerator.<init>(SymmetricKeyGenerator.java:28)
	at io.canis.store.KeyValueStore.loadFromFile(KeyValueStore.java:54)
	at io.canis.store.KeyValueStore.<init>(KeyValueStore.java:37)
	at io.canis.handlers.ClientHandler.add(ClientHandler.java:126)
	at io.canis.handlers.ClientHandler.executeCommand(ClientHandler.java:73)
	at io.canis.handlers.ClientHandler.run(ClientHandler.java:47)
	at java.base/java.util.concurrent.Executors$RunnableAdapter.call(Executors.java:539)
	at java.base/java.util.concurrent.FutureTask.run$$$capture(FutureTask.java:264)
	at java.base/java.util.concurrent.FutureTask.run(FutureTask.java)
	at java.base/java.util.concurrent.ThreadPoolExecutor.runWorker(ThreadPoolExecutor.java:1136)
	at java.base/java.util.concurrent.ThreadPoolExecutor$Worker.run(ThreadPoolExecutor.java:635)
	at java.base/java.lang.Thread.run(Thread.java:840)
2024-12-10 15:06:33 ERROR io.canis.store.KeyValueStore - Input byte array has incorrect ending byte at 24
java.lang.IllegalArgumentException: Input byte array has incorrect ending byte at 24
	at java.base/java.util.Base64$Decoder.decode0(Base64.java:876)
	at java.base/java.util.Base64$Decoder.decode(Base64.java:566)
	at java.base/java.util.Base64$Decoder.decode(Base64.java:589)
	at io.canis.utils.SymmetricKeyGenerator.generatePrivateKey(SymmetricKeyGenerator.java:37)
	at io.canis.utils.SymmetricKeyGenerator.<init>(SymmetricKeyGenerator.java:28)
	at io.canis.store.KeyValueStore.saveToFile(KeyValueStore.java:74)
	at io.canis.store.KeyValueStore.set(KeyValueStore.java:89)
	at io.canis.handlers.ClientHandler.add(ClientHandler.java:131)
	at io.canis.handlers.ClientHandler.executeCommand(ClientHandler.java:73)
	at io.canis.handlers.ClientHandler.run(ClientHandler.java:47)
	at java.base/java.util.concurrent.Executors$RunnableAdapter.call(Executors.java:539)
	at java.base/java.util.concurrent.FutureTask.run$$$capture(FutureTask.java:264)
	at java.base/java.util.concurrent.FutureTask.run(FutureTask.java)
	at java.base/java.util.concurrent.ThreadPoolExecutor.runWorker(ThreadPoolExecutor.java:1136)
	at java.base/java.util.concurrent.ThreadPoolExecutor$Worker.run(ThreadPoolExecutor.java:635)
	at java.base/java.lang.Thread.run(Thread.java:840)
2024-12-10 15:06:47 INFO  io.canis.Server - Server is listening on port 3307
2024-12-10 15:06:47 INFO  io.canis.client.SocketClient - Authentication successful
2024-12-10 15:06:47 INFO  io.canis.handlers.ClientHandler - Adding new secret: Daisy
2024-12-10 15:06:47 INFO  io.canis.handlers.ClientHandler - Adding new secret: Mikey
2024-12-10 15:06:47 INFO  io.canis.handlers.ClientHandler - Adding new secret: Bapi
2024-12-10 15:06:47 INFO  io.canis.handlers.ClientHandler - Adding new secret: Ziggy
2024-12-10 15:06:47 INFO  io.canis.handlers.ClientHandler - Adding new secret: Alice
2024-12-10 15:38:11 INFO  io.canis.Server - Server is listening on port 3307
2024-12-10 15:38:11 INFO  io.canis.client.SocketClient - Authentication successful
2024-12-10 15:38:11 ERROR io.canis.store.KeyValueStore - Given final block not properly padded. Such issues can arise if a bad key is used during decryption.
javax.crypto.BadPaddingException: Given final block not properly padded. Such issues can arise if a bad key is used during decryption.
	at java.base/com.sun.crypto.provider.CipherCore.unpad(CipherCore.java:862)
	at java.base/com.sun.crypto.provider.CipherCore.fillOutputBuffer(CipherCore.java:942)
	at java.base/com.sun.crypto.provider.CipherCore.doFinal(CipherCore.java:735)
	at java.base/com.sun.crypto.provider.AESCipher.engineDoFinal(AESCipher.java:436)
	at java.base/javax.crypto.Cipher.doFinal(Cipher.java:2205)
	at io.canis.utils.SymmetricKeyGenerator.decrypt(SymmetricKeyGenerator.java:57)
	at io.canis.store.KeyValueStore.loadFromFile(KeyValueStore.java:54)
	at io.canis.store.KeyValueStore.<init>(KeyValueStore.java:37)
	at io.canis.handlers.ClientHandler.delete(ClientHandler.java:139)
	at io.canis.handlers.ClientHandler.executeCommand(ClientHandler.java:99)
	at io.canis.handlers.ClientHandler.run(ClientHandler.java:47)
	at java.base/java.util.concurrent.Executors$RunnableAdapter.call(Executors.java:539)
	at java.base/java.util.concurrent.FutureTask.run$$$capture(FutureTask.java:264)
	at java.base/java.util.concurrent.FutureTask.run(FutureTask.java)
	at java.base/java.util.concurrent.ThreadPoolExecutor.runWorker(ThreadPoolExecutor.java:1136)
	at java.base/java.util.concurrent.ThreadPoolExecutor$Worker.run(ThreadPoolExecutor.java:635)
	at java.base/java.lang.Thread.run(Thread.java:840)
2024-12-10 15:38:11 INFO  io.canis.handlers.ClientHandler - Adding new secret: Daisy
2024-12-10 15:38:12 INFO  io.canis.handlers.ClientHandler - Adding new secret: Mikey
2024-12-10 15:38:12 INFO  io.canis.handlers.ClientHandler - Adding new secret: Ziggy
2024-12-10 15:38:12 INFO  io.canis.handlers.ClientHandler - Adding new secret: Bapi
2024-12-10 15:38:12 INFO  io.canis.handlers.ClientHandler - Adding new secret: Alice
2024-12-10 15:38:33 INFO  io.canis.Server - Server is listening on port 3307
2024-12-10 15:38:33 INFO  io.canis.client.SocketClient - Authentication successful
2024-12-10 15:38:33 ERROR io.canis.store.KeyValueStore - Given final block not properly padded. Such issues can arise if a bad key is used during decryption.
javax.crypto.BadPaddingException: Given final block not properly padded. Such issues can arise if a bad key is used during decryption.
	at java.base/com.sun.crypto.provider.CipherCore.unpad(CipherCore.java:862)
	at java.base/com.sun.crypto.provider.CipherCore.fillOutputBuffer(CipherCore.java:942)
	at java.base/com.sun.crypto.provider.CipherCore.doFinal(CipherCore.java:735)
	at java.base/com.sun.crypto.provider.AESCipher.engineDoFinal(AESCipher.java:436)
	at java.base/javax.crypto.Cipher.doFinal(Cipher.java:2205)
	at io.canis.utils.SymmetricKeyGenerator.decrypt(SymmetricKeyGenerator.java:57)
	at io.canis.store.KeyValueStore.loadFromFile(KeyValueStore.java:54)
	at io.canis.store.KeyValueStore.<init>(KeyValueStore.java:37)
	at io.canis.handlers.ClientHandler.delete(ClientHandler.java:139)
	at io.canis.handlers.ClientHandler.executeCommand(ClientHandler.java:99)
	at io.canis.handlers.ClientHandler.run(ClientHandler.java:47)
	at java.base/java.util.concurrent.Executors$RunnableAdapter.call(Executors.java:539)
	at java.base/java.util.concurrent.FutureTask.run$$$capture(FutureTask.java:264)
	at java.base/java.util.concurrent.FutureTask.run(FutureTask.java)
	at java.base/java.util.concurrent.ThreadPoolExecutor.runWorker(ThreadPoolExecutor.java:1136)
	at java.base/java.util.concurrent.ThreadPoolExecutor$Worker.run(ThreadPoolExecutor.java:635)
	at java.base/java.lang.Thread.run(Thread.java:840)
2024-12-10 15:38:33 INFO  io.canis.handlers.ClientHandler - Adding new secret: Daisy
2024-12-10 15:38:34 INFO  io.canis.handlers.ClientHandler - Adding new secret: Mikey
2024-12-10 15:38:34 INFO  io.canis.handlers.ClientHandler - Adding new secret: Ziggy
2024-12-10 15:38:34 INFO  io.canis.handlers.ClientHandler - Adding new secret: Bapi
2024-12-10 15:38:34 INFO  io.canis.handlers.ClientHandler - Adding new secret: Alice
2024-12-10 15:43:55 INFO  io.canis.Server - Server is listening on port 3307
2024-12-10 15:43:55 INFO  io.canis.client.SocketClient - Authentication successful
2024-12-10 15:43:55 INFO  io.canis.handlers.ClientHandler - Adding new secret: Daisy
2024-12-10 15:43:55 INFO  io.canis.handlers.ClientHandler - Adding new secret: Mikey
2024-12-10 15:43:56 INFO  io.canis.handlers.ClientHandler - Adding new secret: Ziggy
2024-12-10 15:43:56 INFO  io.canis.handlers.ClientHandler - Adding new secret: Bapi
2024-12-10 15:43:56 INFO  io.canis.handlers.ClientHandler - Adding new secret: Alice
2024-12-10 15:44:03 INFO  io.canis.Server - Server is listening on port 3307
2024-12-10 15:44:03 INFO  io.canis.client.SocketClient - Authentication successful
2024-12-10 15:44:03 INFO  io.canis.handlers.ClientHandler - Adding new secret: Daisy
2024-12-10 15:44:04 INFO  io.canis.handlers.ClientHandler - Adding new secret: Mikey
2024-12-10 15:44:14 INFO  io.canis.handlers.ClientHandler - Adding new secret: Bapi
2024-12-10 15:44:14 INFO  io.canis.handlers.ClientHandler - Adding new secret: Ziggy
2024-12-10 16:00:36 ERROR io.canis.Server - Environment variable CANIS_SECRET_KEY is not set.
2024-12-10 16:00:55 INFO  io.canis.Server - Server is listening on port 3307
2024-12-10 16:00:55 INFO  io.canis.client.SocketClient - Authentication successful
2024-12-10 16:00:55 INFO  io.canis.handlers.ClientHandler - Adding new secret: bmg
2024-12-10 16:01:17 INFO  io.canis.Server - Server is listening on port 3307
2024-12-10 16:01:18 INFO  io.canis.client.SocketClient - Authentication successful
2024-12-10 16:01:19 INFO  io.canis.handlers.ClientHandler - Adding new secret: bmg
2024-12-10 16:02:16 INFO  io.canis.Server - Server is listening on port 3307
2024-12-10 16:02:16 INFO  io.canis.client.SocketClient - Authentication successful
2024-12-10 16:02:17 INFO  io.canis.handlers.ClientHandler - Adding new secret: bmg
2024-12-10 16:03:10 INFO  io.canis.Server - Server is listening on port 3307
2024-12-10 16:03:10 INFO  io.canis.client.SocketClient - Authentication successful
2024-12-10 16:03:13 INFO  io.canis.handlers.ClientHandler - Adding new secret: bmg
2024-12-10 16:03:30 INFO  io.canis.Server - Server is listening on port 3307
2024-12-10 16:03:30 INFO  io.canis.client.SocketClient - Authentication successful
2024-12-10 16:03:30 INFO  io.canis.handlers.ClientHandler - Adding new secret: bmg
2024-12-10 16:03:44 INFO  io.canis.Server - Server is listening on port 3307
2024-12-10 16:03:44 INFO  io.canis.client.SocketClient - Authentication successful
2024-12-10 16:03:50 INFO  io.canis.handlers.ClientHandler - Adding new secret: bmg
